Test: one client (3A) ...
  ... Passed --  15.1  5 15934 2682
Test: ops complete fast enough (3A) ...
  ... Passed --   3.4  3  7489    0
Test: many clients (3A) ...
  ... Passed --  15.2  5 25916 3856
Test: unreliable net, many clients (3A) ...
  ... Passed --  15.8  5  7291 1407
Test: concurrent append to same key, unreliable (3A) ...
  ... Passed --   1.0  3   189   52
Test: progress in majority (3A) ...
  ... Passed --   0.5  5    60    2
Test: no progress in minority (3A) ...
  ... Passed --   1.0  5   202    3
Test: completion after heal (3A) ...
  ... Passed --   1.0  5    59    3
Test: partitions, one client (3A) ...
  ... Passed --  22.3  5 28855 2246
Test: partitions, many clients (3A) ...
  ... Passed --  23.0  5 68277 4021
Test: restarts, one client (3A) ...
  ... Passed --  19.0  5 23146 2690
Test: restarts, many clients (3A) ...
  ... Passed --  19.3  5 49444 3913
Test: unreliable net, restarts, many clients (3A) ...
  ... Passed --  20.4  5  8198 1420
Test: restarts, partitions, many clients (3A) ...
  ... Passed --  26.5  5 75451 3765
Test: unreliable net, restarts, partitions, many clients (3A) ...
  ... Passed --  28.0  5  7901 1165
Test: unreliable net, restarts, partitions, random keys, many clients (3A) ...
  ... Passed --  29.6  7 16609 2220
PASS
ok  	6.5840/kvraft	241.388s
Test: one client (3A) ...
  ... Passed --  15.1  5 16990 2654
Test: ops complete fast enough (3A) ...
  ... Passed --   3.4  3  6932    0
Test: many clients (3A) ...
  ... Passed --  15.2  5 21391 3883
Test: unreliable net, many clients (3A) ...
  ... Passed --  15.9  5  7289 1428
Test: concurrent append to same key, unreliable (3A) ...
  ... Passed --   1.1  3   197   52
Test: progress in majority (3A) ...
  ... Passed --   0.5  5    67    2
Test: no progress in minority (3A) ...
  ... Passed --   1.0  5   193    3
Test: completion after heal (3A) ...
  ... Passed --   1.0  5    59    3
Test: partitions, one client (3A) ...
  ... Passed --  22.6  5 32759 2486
Test: partitions, many clients (3A) ...
  ... Passed --  22.9  5 57878 3563
Test: restarts, one client (3A) ...
  ... Passed --  19.0  5 23430 2679
Test: restarts, many clients (3A) ...
  ... Passed --  19.3  5 45438 3841
Test: unreliable net, restarts, many clients (3A) ...
  ... Passed --  20.1  5  8113 1414
Test: restarts, partitions, many clients (3A) ...
  ... Passed --  26.6  5 93244 4121
Test: unreliable net, restarts, partitions, many clients (3A) ...
  ... Passed --  27.4  5  7944 1148
Test: unreliable net, restarts, partitions, random keys, many clients (3A) ...
  ... Passed --  29.3  7 17894 2360
PASS
ok  	6.5840/kvraft	241.003s
Test: one client (3A) ...
  ... Passed --  15.1  5 16508 2736
Test: ops complete fast enough (3A) ...
  ... Passed --   3.2  3  5684    0
Test: many clients (3A) ...
  ... Passed --  15.2  5 25631 3885
Test: unreliable net, many clients (3A) ...
  ... Passed --  16.0  5  7383 1399
Test: concurrent append to same key, unreliable (3A) ...
  ... Passed --   1.2  3   230   52
Test: progress in majority (3A) ...
  ... Passed --   0.5  5    72    2
Test: no progress in minority (3A) ...
  ... Passed --   1.0  5   197    3
Test: completion after heal (3A) ...
  ... Passed --   1.0  5    63    3
Test: partitions, one client (3A) ...
  ... Passed --  22.2  5 33389 2489
Test: partitions, many clients (3A) ...
  ... Passed --  23.2  5 37170 3469
Test: restarts, one client (3A) ...
  ... Passed --  19.0  5 24450 2673
Test: restarts, many clients (3A) ...
  ... Passed --  19.2  5 34876 3942
Test: unreliable net, restarts, many clients (3A) ...
  ... Passed --  20.3  5  8060 1448
Test: restarts, partitions, many clients (3A) ...
  ... Passed --  26.8  5 70708 3804
Test: unreliable net, restarts, partitions, many clients (3A) ...
  ... Passed --  27.3  5  7765 1148
Test: unreliable net, restarts, partitions, random keys, many clients (3A) ...
